<?xml version="1.0" encoding="UTF-8"?>
<!-- Generated by org.testng.reporters.JUnitReportReporter -->
<testsuite skipped="0" hostname="DESKTOP-8JTQ02R" name="abc.Test_NG" tests="1" failures="0" timestamp="03 Jun 2020 19:20:08 GMT" time="16.049" errors="0">
  <testcase name="verifyTestNG" time="16.049" classname="abc.Test_NG"/>
</testsuite> <!-- abc.Test_NG -->
